@!@!@STARTMSG 2262:0 @!@!@
TLC2 Version 2.18 of Day Month 20?? (rev: 1327ddb)
@!@!@ENDMSG 2262 @!@!@
@!@!@STARTMSG 2187:0 @!@!@
Running breadth-first search Model-Checking with fp 110 and seed 5195156508960579271 with 2 workers on 4 cores with 1031MB heap and 2317MB offheap memory [pid: 42639] (Linux 5.13.0-30-generic amd64, AdoptOpenJDK 14.0.1 x86_64, OffHeapDiskFPSet, DiskStateQueue).
@!@!@ENDMSG 2187 @!@!@
@!@!@STARTMSG 2220:0 @!@!@
Starting SANY...
@!@!@ENDMSG 2220 @!@!@
Parsing file /home/sebapc/Documentos/Fucku/IS1/TLA/BrazoMecanico.toolbox/Model_1/MC.tla
Parsing file /home/sebapc/Documentos/Fucku/IS1/TLA/BrazoMecanico.toolbox/Model_1/BrazoMecanico.tla
Parsing file /opt/TLA+Toolbox/plugins/org.lamport.tlatools_1.0.0.202202172019/tla2sany/StandardModules/TLC.tla
Parsing file /opt/TLA+Toolbox/plugins/org.lamport.tlatools_1.0.0.202202172019/tla2sany/StandardModules/Naturals.tla
Parsing file /opt/TLA+Toolbox/plugins/org.lamport.tlatools_1.0.0.202202172019/tla2sany/StandardModules/Sequences.tla
Parsing file /opt/TLA+Toolbox/plugins/org.lamport.tlatools_1.0.0.202202172019/tla2sany/StandardModules/FiniteSets.tla
Semantic processing of module BrazoMecanico
Semantic processing of module Naturals
Semantic processing of module Sequences
Semantic processing of module FiniteSets
Semantic processing of module TLC
Semantic processing of module MC
@!@!@STARTMSG 2219:0 @!@!@
SANY finished.
@!@!@ENDMSG 2219 @!@!@
@!@!@STARTMSG 2185:0 @!@!@
Starting... (2022-02-28 20:10:29)
@!@!@ENDMSG 2185 @!@!@
@!@!@STARTMSG 2189:0 @!@!@
Computing initial states...
@!@!@ENDMSG 2189 @!@!@
@!@!@STARTMSG 2190:0 @!@!@
Finished computing initial states: 1 distinct state generated at 2022-02-28 20:10:29.
@!@!@ENDMSG 2190 @!@!@
@!@!@STARTMSG 2193:0 @!@!@
Model checking completed. No error has been found.
  Estimates of the probability that TLC did not check all reachable states
  because two distinct states had the same fingerprint:
  calculated (optimistic):  val = 2.7E-18
@!@!@ENDMSG 2193 @!@!@
@!@!@STARTMSG 2201:0 @!@!@
The coverage statistics at 2022-02-28 20:10:29
@!@!@ENDMSG 2201 @!@!@
@!@!@STARTMSG 2773:0 @!@!@
<Init line 21, col 1 to line 21, col 4 of module BrazoMecanico>: 1:12
@!@!@ENDMSG 2773 @!@!@
@!@!@STARTMSG 2775:0 @!@!@
  line 16, col 15 to line 16, col 42 of module BrazoMecanico: 1:3
@!@!@ENDMSG 2775 @!@!@
@!@!@STARTMSG 2775:0 @!@!@
  line 17, col 15 to line 17, col 43 of module BrazoMecanico: 2:8
@!@!@ENDMSG 2775 @!@!@
@!@!@STARTMSG 2221:0 @!@!@
  line 18, col 15 to line 18, col 40 of module BrazoMecanico: 1
@!@!@ENDMSG 2221 @!@!@
@!@!@STARTMSG 2775:0 @!@!@
  |line 18, col 28 to line 18, col 40 of module BrazoMecanico: 6:18
@!@!@ENDMSG 2775 @!@!@
@!@!@STARTMSG 2221:0 @!@!@
  line 22, col 12 to line 22, col 28 of module BrazoMecanico: 12
@!@!@ENDMSG 2221 @!@!@
@!@!@STARTMSG 2221:0 @!@!@
  line 23, col 12 to line 23, col 22 of module BrazoMecanico: 6
@!@!@ENDMSG 2221 @!@!@
@!@!@STARTMSG 2221:0 @!@!@
  line 24, col 12 to line 24, col 26 of module BrazoMecanico: 2
@!@!@ENDMSG 2221 @!@!@
@!@!@STARTMSG 2772:0 @!@!@
<MoveTo line 26, col 1 to line 26, col 9 of module BrazoMecanico>: 2:5
@!@!@ENDMSG 2772 @!@!@
@!@!@STARTMSG 2221:0 @!@!@
  line 26, col 17 to line 26, col 30 of module BrazoMecanico: 19
@!@!@ENDMSG 2221 @!@!@
@!@!@STARTMSG 2221:0 @!@!@
  |line 26, col 17 to line 26, col 25 of module BrazoMecanico: 14
@!@!@ENDMSG 2221 @!@!@
@!@!@STARTMSG 2221:0 @!@!@
  |line 26, col 30 to line 26, col 30 of module BrazoMecanico: 14
@!@!@ENDMSG 2221 @!@!@
@!@!@STARTMSG 2221:0 @!@!@
  line 27, col 17 to line 27, col 31 of module BrazoMecanico: 12
@!@!@ENDMSG 2221 @!@!@
@!@!@STARTMSG 2221:0 @!@!@
  |line 27, col 17 to line 27, col 24 of module BrazoMecanico: 7
@!@!@ENDMSG 2221 @!@!@
@!@!@STARTMSG 2221:0 @!@!@
  line 28, col 17 to line 28, col 33 of module BrazoMecanico: 5
@!@!@ENDMSG 2221 @!@!@
@!@!@STARTMSG 2221:0 @!@!@
  line 29, col 17 to line 29, col 30 of module BrazoMecanico: 5
@!@!@ENDMSG 2221 @!@!@
@!@!@STARTMSG 2221:0 @!@!@
  line 30, col 17 to line 30, col 28 of module BrazoMecanico: 5
@!@!@ENDMSG 2221 @!@!@
@!@!@STARTMSG 2772:0 @!@!@
<Extremo line 32, col 1 to line 32, col 10 of module BrazoMecanico>: 0:2
@!@!@ENDMSG 2772 @!@!@
@!@!@STARTMSG 2221:0 @!@!@
  line 32, col 18 to line 32, col 28 of module BrazoMecanico: 16
@!@!@ENDMSG 2221 @!@!@
@!@!@STARTMSG 2221:0 @!@!@
  |line 32, col 18 to line 32, col 20 of module BrazoMecanico: 14
@!@!@ENDMSG 2221 @!@!@
@!@!@STARTMSG 2221:0 @!@!@
  line 33, col 18 to line 33, col 30 of module BrazoMecanico: 10
@!@!@ENDMSG 2221 @!@!@
@!@!@STARTMSG 2221:0 @!@!@
  |line 33, col 18 to line 33, col 26 of module BrazoMecanico: 8
@!@!@ENDMSG 2221 @!@!@
@!@!@STARTMSG 2221:0 @!@!@
  |line 33, col 30 to line 33, col 30 of module BrazoMecanico: 8
@!@!@ENDMSG 2221 @!@!@
@!@!@STARTMSG 2221:0 @!@!@
  line 34, col 18 to line 34, col 33 of module BrazoMecanico: 6
@!@!@ENDMSG 2221 @!@!@
@!@!@STARTMSG 2221:0 @!@!@
  |line 34, col 18 to line 34, col 25 of module BrazoMecanico: 4
@!@!@ENDMSG 2221 @!@!@
@!@!@STARTMSG 2221:0 @!@!@
  line 35, col 18 to line 35, col 33 of module BrazoMecanico: 2
@!@!@ENDMSG 2221 @!@!@
@!@!@STARTMSG 2221:0 @!@!@
  line 36, col 18 to line 36, col 25 of module BrazoMecanico: 2
@!@!@ENDMSG 2221 @!@!@
@!@!@STARTMSG 2221:0 @!@!@
  line 37, col 18 to line 37, col 66 of module BrazoMecanico: 2
@!@!@ENDMSG 2221 @!@!@
@!@!@STARTMSG 2221:0 @!@!@
  |line 37, col 31 to line 37, col 66 of module BrazoMecanico: 2
@!@!@ENDMSG 2221 @!@!@
@!@!@STARTMSG 2221:0 @!@!@
  ||line 37, col 61 to line 37, col 66 of module BrazoMecanico: 3
@!@!@ENDMSG 2221 @!@!@
@!@!@STARTMSG 2775:0 @!@!@
  ||line 37, col 44 to line 37, col 57 of module BrazoMecanico: 2:3
@!@!@ENDMSG 2775 @!@!@
@!@!@STARTMSG 2772:0 @!@!@
<StopMid line 39, col 1 to line 39, col 7 of module BrazoMecanico>: 2:2
@!@!@ENDMSG 2772 @!@!@
@!@!@STARTMSG 2221:0 @!@!@
  line 39, col 15 to line 39, col 25 of module BrazoMecanico: 9
@!@!@ENDMSG 2221 @!@!@
@!@!@STARTMSG 2221:0 @!@!@
  |line 39, col 15 to line 39, col 17 of module BrazoMecanico: 7
@!@!@ENDMSG 2221 @!@!@
@!@!@STARTMSG 2221:0 @!@!@
  line 40, col 15 to line 40, col 30 of module BrazoMecanico: 6
@!@!@ENDMSG 2221 @!@!@
@!@!@STARTMSG 2221:0 @!@!@
  |line 40, col 15 to line 40, col 22 of module BrazoMecanico: 4
@!@!@ENDMSG 2221 @!@!@
@!@!@STARTMSG 2221:0 @!@!@
  line 41, col 15 to line 41, col 30 of module BrazoMecanico: 2
@!@!@ENDMSG 2221 @!@!@
@!@!@STARTMSG 2221:0 @!@!@
  line 42, col 15 to line 42, col 26 of module BrazoMecanico: 2
@!@!@ENDMSG 2221 @!@!@
@!@!@STARTMSG 2772:0 @!@!@
<Reanudar line 44, col 1 to line 44, col 8 of module BrazoMecanico>: 0:2
@!@!@ENDMSG 2772 @!@!@
@!@!@STARTMSG 2221:0 @!@!@
  line 44, col 16 to line 44, col 26 of module BrazoMecanico: 9
@!@!@ENDMSG 2221 @!@!@
@!@!@STARTMSG 2221:0 @!@!@
  |line 44, col 16 to line 44, col 18 of module BrazoMecanico: 7
@!@!@ENDMSG 2221 @!@!@
@!@!@STARTMSG 2221:0 @!@!@
  line 45, col 16 to line 45, col 30 of module BrazoMecanico: 6
@!@!@ENDMSG 2221 @!@!@
@!@!@STARTMSG 2221:0 @!@!@
  |line 45, col 16 to line 45, col 23 of module BrazoMecanico: 4
@!@!@ENDMSG 2221 @!@!@
@!@!@STARTMSG 2221:0 @!@!@
  line 46, col 16 to line 46, col 32 of module BrazoMecanico: 2
@!@!@ENDMSG 2221 @!@!@
@!@!@STARTMSG 2221:0 @!@!@
  line 47, col 16 to line 47, col 27 of module BrazoMecanico: 2
@!@!@ENDMSG 2221 @!@!@
@!@!@STARTMSG 2772:0 @!@!@
<Extremo line 32, col 1 to line 32, col 10 of module BrazoMecanico (49 21 49 38)>: 2:2
@!@!@ENDMSG 2772 @!@!@
@!@!@STARTMSG 2221:0 @!@!@
  line 32, col 18 to line 32, col 28 of module BrazoMecanico: 9
@!@!@ENDMSG 2221 @!@!@
@!@!@STARTMSG 2221:0 @!@!@
  |line 32, col 18 to line 32, col 20 of module BrazoMecanico: 7
@!@!@ENDMSG 2221 @!@!@
@!@!@STARTMSG 2221:0 @!@!@
  line 33, col 18 to line 33, col 30 of module BrazoMecanico: 6
@!@!@ENDMSG 2221 @!@!@
@!@!@STARTMSG 2221:0 @!@!@
  |line 33, col 18 to line 33, col 26 of module BrazoMecanico: 4
@!@!@ENDMSG 2221 @!@!@
@!@!@STARTMSG 2221:0 @!@!@
  |line 33, col 30 to line 33, col 30 of module BrazoMecanico: 4
@!@!@ENDMSG 2221 @!@!@
@!@!@STARTMSG 2221:0 @!@!@
  line 34, col 18 to line 34, col 33 of module BrazoMecanico: 6
@!@!@ENDMSG 2221 @!@!@
@!@!@STARTMSG 2221:0 @!@!@
  |line 34, col 18 to line 34, col 25 of module BrazoMecanico: 4
@!@!@ENDMSG 2221 @!@!@
@!@!@STARTMSG 2221:0 @!@!@
  line 35, col 18 to line 35, col 33 of module BrazoMecanico: 2
@!@!@ENDMSG 2221 @!@!@
@!@!@STARTMSG 2221:0 @!@!@
  line 36, col 18 to line 36, col 25 of module BrazoMecanico: 2
@!@!@ENDMSG 2221 @!@!@
@!@!@STARTMSG 2221:0 @!@!@
  line 37, col 18 to line 37, col 66 of module BrazoMecanico: 2
@!@!@ENDMSG 2221 @!@!@
@!@!@STARTMSG 2221:0 @!@!@
  |line 37, col 31 to line 37, col 66 of module BrazoMecanico: 2
@!@!@ENDMSG 2221 @!@!@
@!@!@STARTMSG 2221:0 @!@!@
  ||line 37, col 61 to line 37, col 66 of module BrazoMecanico: 3
@!@!@ENDMSG 2221 @!@!@
@!@!@STARTMSG 2775:0 @!@!@
  ||line 37, col 44 to line 37, col 57 of module BrazoMecanico: 2:3
@!@!@ENDMSG 2775 @!@!@
@!@!@STARTMSG 2221:0 @!@!@
  line 49, col 29 to line 49, col 37 of module BrazoMecanico: 4
@!@!@ENDMSG 2221 @!@!@
@!@!@STARTMSG 2774:0 @!@!@
<TypeInv line 16, col 1 to line 16, col 7 of module BrazoMecanico>
@!@!@ENDMSG 2774 @!@!@
@!@!@STARTMSG 2221:0 @!@!@
  line 16, col 12 to line 18, col 40 of module BrazoMecanico: 7
@!@!@ENDMSG 2221 @!@!@
@!@!@STARTMSG 2202:0 @!@!@
End of statistics.
@!@!@ENDMSG 2202 @!@!@
@!@!@STARTMSG 2200:0 @!@!@
Progress(5) at 2022-02-28 20:10:29: 14 states generated (544 s/min), 7 distinct states found (272 ds/min), 0 states left on queue.
@!@!@ENDMSG 2200 @!@!@
@!@!@STARTMSG 2199:0 @!@!@
14 states generated, 7 distinct states found, 0 states left on queue.
@!@!@ENDMSG 2199 @!@!@
@!@!@STARTMSG 2194:0 @!@!@
The depth of the complete state graph search is 5.
@!@!@ENDMSG 2194 @!@!@
@!@!@STARTMSG 2268:0 @!@!@
The average outdegree of the complete state graph is 1 (minimum is 0, the maximum 2 and the 95th percentile is 2).
@!@!@ENDMSG 2268 @!@!@
@!@!@STARTMSG 2186:0 @!@!@
Finished in 1556ms at (2022-02-28 20:10:29)
@!@!@ENDMSG 2186 @!@!@
